Using pre-set license
Built from '2020.3/release' branch; Version is '2020.3.1f1 (77a89f25062f) revision 7841951'; Using compiler version '192528614'; Build Type 'Release'
OS: 'Windows 10 Pro; OS build 19041.1110; Version 2004; 64bit' Language: 'en' Physical Memory: 16334 MB
BatchMode: 1, IsHumanControllingUs: 0, StartBugReporterOnCrash: 0, Is64bit: 1, IsPro: 0

 COMMAND LINE ARGUMENTS:
D:\Unity\Editor\Unity.exe
-adb2
-batchMode
-noUpm
-name
AssetImportWorker0
-projectPath
D:/GitHub/Project-Luna/New Unity Project
-logFile
Logs/AssetImportWorker0.log
-srvPort
51327
Successfully changed project path to: D:/GitHub/Project-Luna/New Unity Project
D:/GitHub/Project-Luna/New Unity Project
Using Asset Import Pipeline V2.
Refreshing native plugins compatible for Editor in 24.61 ms, found 0 plugins.
Preloading 0 native plugins for Editor in 0.00 ms.
Initialize engine version: 2020.3.1f1 (77a89f25062f)
[Subsystems] Discovering subsystems at path D:/Unity/Editor/Data/Resources/UnitySubsystems
[Subsystems] Discovering subsystems at path D:/GitHub/Project-Luna/New Unity Project/Assets
GfxDevice: creating device client; threaded=0
Direct3D:
    Version:  Direct3D 11.0 [level 11.1]
    Renderer: NVIDIA GeForce GTX 1060 6GB (ID=0x1c03)
    Vendor:   
    VRAM:     6052 MB
    Driver:   27.21.14.5671
Initialize mono
Mono path[0] = 'D:/Unity/Editor/Data/Managed'
Mono path[1] = 'D:/Unity/Editor/Data/MonoBleedingEdge/lib/mono/unityjit'
Mono config path = 'D:/Unity/Editor/Data/MonoBleedingEdge/etc'
Using monoOptions --debugger-agent=transport=dt_socket,embedding=1,server=y,suspend=n,address=127.0.0.1:56180
Begin MonoManager ReloadAssembly
Registering precompiled unity dll's ...
Register platform support module: D:/Unity/Editor/Data/PlaybackEngines/MacStandaloneSupport/UnityEditor.OSXStandalone.Extensions.dll
Register platform support module: D:/Unity/Editor/Data/PlaybackEngines/WindowsStandaloneSupport/UnityEditor.WindowsStandalone.Extensions.dll
Register platform support module: D:/Unity/Editor/Data/PlaybackEngines/LinuxStandaloneSupport/UnityEditor.LinuxStandalone.Extensions.dll
Registered in 0.002329 seconds.
Native extension for LinuxStandalone target not found
Native extension for WindowsStandalone target not found
Native extension for OSXStandalone target not found
Refreshing native plugins compatible for Editor in 23.86 ms, found 0 plugins.
Preloading 0 native plugins for Editor in 0.00 ms.
Invoked RoslynAnalysisRunner static constructor.
RoslynAnalysisRunner will not be running.
RoslynAnalysisRunner has terminated.
Mono: successfully reloaded assembly
- Completed reload, in  1.283 seconds
Platform modules already initialized, skipping
Registering precompiled user dll's ...
Registered in 0.000777 seconds.
Begin MonoManager ReloadAssembly
Native extension for LinuxStandalone target not found
Native extension for WindowsStandalone target not found
Native extension for OSXStandalone target not found
Refreshing native plugins compatible for Editor in 0.25 ms, found 0 plugins.
Preloading 0 native plugins for Editor in 0.00 ms.
Invoked RoslynAnalysisRunner static constructor.
RoslynAnalysisRunner will not be running.
RoslynAnalysisRunner has terminated.
Mono: successfully reloaded assembly
- Completed reload, in  0.811 seconds
Platform modules already initialized, skipping
========================================================================
Worker process is ready to serve import requests
Launched and connected shader compiler UnityShaderCompiler.exe after 0.04 seconds
Refreshing native plugins compatible for Editor in 0.23 ms, found 0 plugins.
Preloading 0 native plugins for Editor in 0.00 ms.
Unloading 1183 Unused Serialized files (Serialized files now loaded: 0)
System memory in use before: 71.6 MB.
System memory in use after: 71.7 MB.

Unloading 9 unused Assets to reduce memory usage. Loaded Objects now: 1650.
Total: 2.006200 ms (FindLiveObjects: 0.171800 ms CreateObjectMapping: 0.034200 ms MarkObjects: 1.703500 ms  DeleteObjects: 0.095600 ms)

========================================================================
Received Import Request.
  path: Assets/_prefabs/Ability Prefabs/TempProjectile.prefab
  artifactKey: Guid(4d38356404b172542bbbb06b5950ec16) Importer(815301076,1909f56bfc062723c751e8b465ee728b)
Start importing Assets/_prefabs/Ability Prefabs/TempProjectile.prefab using Guid(4d38356404b172542bbbb06b5950ec16) Importer(815301076,1909f56bfc062723c751e8b465ee728b)  -> (artifact id: '7cecf1fe19b5c97848de17e3a3863186') in 0.130966 seconds
  Import took 0.135639 seconds .

========================================================================
Received Import Request.
  Time since last request: 7.567676 seconds.
  path: Assets/_prefabs/Ability Prefabs/TempProjectile.prefab
  artifactKey: Guid(4d38356404b172542bbbb06b5950ec16) Importer(815301076,1909f56bfc062723c751e8b465ee728b)
Start importing Assets/_prefabs/Ability Prefabs/TempProjectile.prefab using Guid(4d38356404b172542bbbb06b5950ec16) Importer(815301076,1909f56bfc062723c751e8b465ee728b)  -> (artifact id: '3d4a21e5614d9924c52a0405ab8d6cb7') in 0.011109 seconds
  Import took 0.016177 seconds .

========================================================================
Received Prepare
Registering precompiled user dll's ...
Registered in 0.000851 seconds.
Begin MonoManager ReloadAssembly
Native extension for LinuxStandalone target not found
Native extension for WindowsStandalone target not found
Native extension for OSXStandalone target not found
Refreshing native plugins compatible for Editor in 0.27 ms, found 0 plugins.
Preloading 0 native plugins for Editor in 0.00 ms.
Invoked RoslynAnalysisRunner static constructor.
RoslynAnalysisRunner will not be running.
RoslynAnalysisRunner has terminated.
Mono: successfully reloaded assembly
- Completed reload, in  0.786 seconds
Platform modules already initialized, skipping
Switching build target platform(5) subTarget(0) extendedPlatform(0) -> platform(13) subTarget(537395200) extendedPlatform(0)
Refreshing native plugins compatible for Editor in 0.24 ms, found 0 plugins.
Preloading 0 native plugins for Editor in 0.00 ms.
Unloading 1181 Unused Serialized files (Serialized files now loaded: 0)
System memory in use before: 74.5 MB.
System memory in use after: 74.5 MB.

Unloading 5 unused Assets to reduce memory usage. Loaded Objects now: 1662.
Total: 1.700000 ms (FindLiveObjects: 0.161800 ms CreateObjectMapping: 0.028900 ms MarkObjects: 1.445600 ms  DeleteObjects: 0.061700 ms)

AssetImportParameters requested are different than current active one (requested -> active):
  custom:graphics/normal-map-encoding: 01000000000000000000000000000000 -> 02000000000000000000000000000000
========================================================================
Received Prepare
Registering precompiled user dll's ...
Registered in 0.000790 seconds.
Begin MonoManager ReloadAssembly
Native extension for LinuxStandalone target not found
Native extension for WindowsStandalone target not found
Native extension for OSXStandalone target not found
Refreshing native plugins compatible for Editor in 0.25 ms, found 0 plugins.
Preloading 0 native plugins for Editor in 0.00 ms.
Invoked RoslynAnalysisRunner static constructor.
RoslynAnalysisRunner will not be running.
RoslynAnalysisRunner has terminated.
Mono: successfully reloaded assembly
- Completed reload, in  0.774 seconds
Platform modules already initialized, skipping
Switching build target platform(5) subTarget(0) extendedPlatform(0) -> platform(13) subTarget(537395200) extendedPlatform(0)
Refreshing native plugins compatible for Editor in 0.27 ms, found 0 plugins.
Preloading 0 native plugins for Editor in 0.00 ms.
Unloading 1181 Unused Serialized files (Serialized files now loaded: 0)
System memory in use before: 74.5 MB.
System memory in use after: 74.6 MB.

Unloading 5 unused Assets to reduce memory usage. Loaded Objects now: 1665.
Total: 2.119800 ms (FindLiveObjects: 0.174000 ms CreateObjectMapping: 0.030000 ms MarkObjects: 1.853100 ms  DeleteObjects: 0.060400 ms)

AssetImportParameters requested are different than current active one (requested -> active):
  custom:graphics/normal-map-encoding: 01000000000000000000000000000000 -> 02000000000000000000000000000000
========================================================================
Received Import Request.
  Time since last request: 557.635678 seconds.
  path: Assets/_prefabs/Ability Prefabs/TempProjectile2.prefab
  artifactKey: Guid(13a17977caf49464a90a86e954b0a79e) Importer(815301076,1909f56bfc062723c751e8b465ee728b)
Start importing Assets/_prefabs/Ability Prefabs/TempProjectile2.prefab using Guid(13a17977caf49464a90a86e954b0a79e) Importer(815301076,1909f56bfc062723c751e8b465ee728b)  -> (artifact id: 'a981854d54856f25aefe99adf62f2cc0') in 0.063232 seconds
  Import took 0.068747 seconds .

========================================================================
Received Import Request.
  Time since last request: 18.530801 seconds.
  path: Assets/_prefabs/Ability Prefabs/TempProjectile2.prefab
  artifactKey: Guid(13a17977caf49464a90a86e954b0a79e) Importer(815301076,1909f56bfc062723c751e8b465ee728b)
Start importing Assets/_prefabs/Ability Prefabs/TempProjectile2.prefab using Guid(13a17977caf49464a90a86e954b0a79e) Importer(815301076,1909f56bfc062723c751e8b465ee728b)  -> (artifact id: 'bf7aa82d77288df95f3cd480a44fb0db') in 0.010253 seconds
  Import took 0.015399 seconds .

========================================================================
Received Import Request.
  Time since last request: 0.395607 seconds.
  path: Assets/_prefabs/Ability Prefabs/TempProjectile2.prefab
  artifactKey: Guid(13a17977caf49464a90a86e954b0a79e) Importer(815301076,1909f56bfc062723c751e8b465ee728b)
Start importing Assets/_prefabs/Ability Prefabs/TempProjectile2.prefab using Guid(13a17977caf49464a90a86e954b0a79e) Importer(815301076,1909f56bfc062723c751e8b465ee728b)  -> (artifact id: 'e63032e4624e88980975d481f44204c5') in 0.010426 seconds
  Import took 0.015457 seconds .

========================================================================
Received Import Request.
  Time since last request: 3.614135 seconds.
  path: Assets/_prefabs/Ability Prefabs/TempProjectile2.prefab
  artifactKey: Guid(13a17977caf49464a90a86e954b0a79e) Importer(815301076,1909f56bfc062723c751e8b465ee728b)
Start importing Assets/_prefabs/Ability Prefabs/TempProjectile2.prefab using Guid(13a17977caf49464a90a86e954b0a79e) Importer(815301076,1909f56bfc062723c751e8b465ee728b)  -> (artifact id: '01b58e63cc9f6ff02291bf7302b319e8') in 0.010051 seconds
  Import took 0.015554 seconds .

========================================================================
Received Import Request.
  Time since last request: 22.359560 seconds.
  path: Assets/_prefabs/Ability Prefabs/TempProjectile2.prefab
  artifactKey: Guid(13a17977caf49464a90a86e954b0a79e) Importer(815301076,1909f56bfc062723c751e8b465ee728b)
Start importing Assets/_prefabs/Ability Prefabs/TempProjectile2.prefab using Guid(13a17977caf49464a90a86e954b0a79e) Importer(815301076,1909f56bfc062723c751e8b465ee728b)  -> (artifact id: '904e6262121d608fa8f022ec9183ff0e') in 0.009366 seconds
  Import took 0.014516 seconds .

========================================================================
Received Import Request.
  Time since last request: 3.216517 seconds.
  path: Assets/_prefabs/Ability Prefabs/TempProjectile2.prefab
  artifactKey: Guid(13a17977caf49464a90a86e954b0a79e) Importer(815301076,1909f56bfc062723c751e8b465ee728b)
Start importing Assets/_prefabs/Ability Prefabs/TempProjectile2.prefab using Guid(13a17977caf49464a90a86e954b0a79e) Importer(815301076,1909f56bfc062723c751e8b465ee728b)  -> (artifact id: '1cd3501a11a2124540564c320c4b63a3') in 0.010037 seconds
  Import took 0.027110 seconds .

========================================================================
Received Prepare
Registering precompiled user dll's ...
Registered in 0.000786 seconds.
Begin MonoManager ReloadAssembly
Native extension for LinuxStandalone target not found
Native extension for WindowsStandalone target not found
Native extension for OSXStandalone target not found
Refreshing native plugins compatible for Editor in 0.31 ms, found 0 plugins.
Preloading 0 native plugins for Editor in 0.00 ms.
Invoked RoslynAnalysisRunner static constructor.
RoslynAnalysisRunner will not be running.
RoslynAnalysisRunner has terminated.
Mono: successfully reloaded assembly
- Completed reload, in  0.785 seconds
Platform modules already initialized, skipping
Switching build target platform(5) subTarget(0) extendedPlatform(0) -> platform(13) subTarget(537395200) extendedPlatform(0)
Refreshing native plugins compatible for Editor in 0.27 ms, found 0 plugins.
Preloading 0 native plugins for Editor in 0.00 ms.
Unloading 1181 Unused Serialized files (Serialized files now loaded: 0)
System memory in use before: 74.5 MB.
System memory in use after: 74.6 MB.

Unloading 5 unused Assets to reduce memory usage. Loaded Objects now: 1669.
Total: 2.025800 ms (FindLiveObjects: 0.196700 ms CreateObjectMapping: 0.029000 ms MarkObjects: 1.734900 ms  DeleteObjects: 0.062600 ms)

AssetImportParameters requested are different than current active one (requested -> active):
  custom:graphics/normal-map-encoding: 01000000000000000000000000000000 -> 02000000000000000000000000000000
========================================================================
Received Import Request.
  Time since last request: 6.341057 seconds.
  path: Assets/_prefabs/Ability Prefabs/TempProjectile2.prefab
  artifactKey: Guid(13a17977caf49464a90a86e954b0a79e) Importer(815301076,1909f56bfc062723c751e8b465ee728b)
Start importing Assets/_prefabs/Ability Prefabs/TempProjectile2.prefab using Guid(13a17977caf49464a90a86e954b0a79e) Importer(815301076,1909f56bfc062723c751e8b465ee728b)  -> (artifact id: '596863faa1d58b1c559fbc720fec5765') in 0.063371 seconds
  Import took 0.068453 seconds .

========================================================================
Received Import Request.
  Time since last request: 14.880926 seconds.
  path: Assets/_prefabs/Ability Prefabs/TempProjectile2.prefab
  artifactKey: Guid(13a17977caf49464a90a86e954b0a79e) Importer(815301076,1909f56bfc062723c751e8b465ee728b)
Start importing Assets/_prefabs/Ability Prefabs/TempProjectile2.prefab using Guid(13a17977caf49464a90a86e954b0a79e) Importer(815301076,1909f56bfc062723c751e8b465ee728b)  -> (artifact id: 'a45fad6a0de435cbb47a458762dd8460') in 0.010695 seconds
  Import took 0.016037 seconds .

========================================================================
Received Import Request.
  Time since last request: 2.592372 seconds.
  path: Assets/_prefabs/Ability Prefabs/TempProjectile2.prefab
  artifactKey: Guid(13a17977caf49464a90a86e954b0a79e) Importer(815301076,1909f56bfc062723c751e8b465ee728b)
Start importing Assets/_prefabs/Ability Prefabs/TempProjectile2.prefab using Guid(13a17977caf49464a90a86e954b0a79e) Importer(815301076,1909f56bfc062723c751e8b465ee728b)  -> (artifact id: '1f8cb1d06b7002f5be0cd58a2384825a') in 0.009465 seconds
  Import took 0.014561 seconds .

========================================================================
Received Prepare
Registering precompiled user dll's ...
Registered in 0.000794 seconds.
Begin MonoManager ReloadAssembly
Native extension for LinuxStandalone target not found
Native extension for WindowsStandalone target not found
Native extension for OSXStandalone target not found
Refreshing native plugins compatible for Editor in 0.28 ms, found 0 plugins.
Preloading 0 native plugins for Editor in 0.00 ms.
Invoked RoslynAnalysisRunner static constructor.
RoslynAnalysisRunner will not be running.
RoslynAnalysisRunner has terminated.
Mono: successfully reloaded assembly
- Completed reload, in  0.795 seconds
Platform modules already initialized, skipping
Switching build target platform(5) subTarget(0) extendedPlatform(0) -> platform(13) subTarget(537395200) extendedPlatform(0)
Refreshing native plugins compatible for Editor in 0.32 ms, found 0 plugins.
Preloading 0 native plugins for Editor in 0.00 ms.
Unloading 1181 Unused Serialized files (Serialized files now loaded: 0)
System memory in use before: 74.5 MB.
System memory in use after: 74.6 MB.

Unloading 5 unused Assets to reduce memory usage. Loaded Objects now: 1673.
Total: 2.071200 ms (FindLiveObjects: 0.183500 ms CreateObjectMapping: 0.032300 ms MarkObjects: 1.793500 ms  DeleteObjects: 0.060200 ms)

AssetImportParameters requested are different than current active one (requested -> active):
  custom:graphics/normal-map-encoding: 01000000000000000000000000000000 -> 02000000000000000000000000000000
========================================================================
Received Import Request.
  Time since last request: 3.666120 seconds.
  path: Assets/_prefabs/Ability Prefabs/TempProjectile2.prefab
  artifactKey: Guid(13a17977caf49464a90a86e954b0a79e) Importer(815301076,1909f56bfc062723c751e8b465ee728b)
Start importing Assets/_prefabs/Ability Prefabs/TempProjectile2.prefab using Guid(13a17977caf49464a90a86e954b0a79e) Importer(815301076,1909f56bfc062723c751e8b465ee728b)  -> (artifact id: 'bee1578c23cc07cd25a3feb870b423ec') in 0.062883 seconds
  Import took 0.068788 seconds .

========================================================================
Received Import Request.
  Time since last request: 7.224039 seconds.
  path: Assets/_prefabs/Ability Prefabs/TempProjectile2.prefab
  artifactKey: Guid(13a17977caf49464a90a86e954b0a79e) Importer(815301076,1909f56bfc062723c751e8b465ee728b)
Start importing Assets/_prefabs/Ability Prefabs/TempProjectile2.prefab using Guid(13a17977caf49464a90a86e954b0a79e) Importer(815301076,1909f56bfc062723c751e8b465ee728b)  -> (artifact id: '5dbf15190c61c6b937b2e8703648249f') in 0.009430 seconds
  Import took 0.014651 seconds .

========================================================================
Received Import Request.
  Time since last request: 0.377715 seconds.
  path: Assets/_prefabs/Ability Prefabs/TempProjectile2.prefab
  artifactKey: Guid(13a17977caf49464a90a86e954b0a79e) Importer(815301076,1909f56bfc062723c751e8b465ee728b)
Start importing Assets/_prefabs/Ability Prefabs/TempProjectile2.prefab using Guid(13a17977caf49464a90a86e954b0a79e) Importer(815301076,1909f56bfc062723c751e8b465ee728b)  -> (artifact id: '1f40c052c72736e15d2ea99a111767a1') in 0.009466 seconds
  Import took 0.014530 seconds .

========================================================================
Received Prepare
Registering precompiled user dll's ...
Registered in 0.000767 seconds.
Begin MonoManager ReloadAssembly
Native extension for LinuxStandalone target not found
Native extension for WindowsStandalone target not found
Native extension for OSXStandalone target not found
Refreshing native plugins compatible for Editor in 0.29 ms, found 0 plugins.
Preloading 0 native plugins for Editor in 0.00 ms.
Invoked RoslynAnalysisRunner static constructor.
RoslynAnalysisRunner will not be running.
RoslynAnalysisRunner has terminated.
Mono: successfully reloaded assembly
- Completed reload, in  0.788 seconds
Platform modules already initialized, skipping
Switching build target platform(5) subTarget(0) extendedPlatform(0) -> platform(13) subTarget(537395200) extendedPlatform(0)
Refreshing native plugins compatible for Editor in 0.24 ms, found 0 plugins.
Preloading 0 native plugins for Editor in 0.00 ms.
Unloading 1181 Unused Serialized files (Serialized files now loaded: 0)
System memory in use before: 74.5 MB.
System memory in use after: 74.6 MB.

Unloading 5 unused Assets to reduce memory usage. Loaded Objects now: 1677.
Total: 2.023900 ms (FindLiveObjects: 0.193200 ms CreateObjectMapping: 0.033100 ms MarkObjects: 1.727400 ms  DeleteObjects: 0.069200 ms)

AssetImportParameters requested are different than current active one (requested -> active):
  custom:graphics/normal-map-encoding: 01000000000000000000000000000000 -> 02000000000000000000000000000000
========================================================================
Received Prepare
Registering precompiled user dll's ...
Registered in 0.000845 seconds.
Begin MonoManager ReloadAssembly
Native extension for LinuxStandalone target not found
Native extension for WindowsStandalone target not found
Native extension for OSXStandalone target not found
Refreshing native plugins compatible for Editor in 0.24 ms, found 0 plugins.
Preloading 0 native plugins for Editor in 0.00 ms.
Invoked RoslynAnalysisRunner static constructor.
RoslynAnalysisRunner will not be running.
RoslynAnalysisRunner has terminated.
Mono: successfully reloaded assembly
- Completed reload, in  0.803 seconds
Platform modules already initialized, skipping
Switching build target platform(5) subTarget(0) extendedPlatform(0) -> platform(13) subTarget(537395200) extendedPlatform(0)
Refreshing native plugins compatible for Editor in 0.24 ms, found 0 plugins.
Preloading 0 native plugins for Editor in 0.00 ms.
Unloading 1181 Unused Serialized files (Serialized files now loaded: 0)
System memory in use before: 74.6 MB.
System memory in use after: 74.6 MB.

Unloading 5 unused Assets to reduce memory usage. Loaded Objects now: 1680.
Total: 1.695200 ms (FindLiveObjects: 0.181200 ms CreateObjectMapping: 0.030300 ms MarkObjects: 1.422900 ms  DeleteObjects: 0.059800 ms)

AssetImportParameters requested are different than current active one (requested -> active):
  custom:graphics/normal-map-encoding: 01000000000000000000000000000000 -> 02000000000000000000000000000000
========================================================================
Received Import Request.
  Time since last request: 370.941700 seconds.
  path: Assets/_prefabs/Ability Prefabs/TempProjectile.prefab
  artifactKey: Guid(4d38356404b172542bbbb06b5950ec16) Importer(815301076,1909f56bfc062723c751e8b465ee728b)
Start importing Assets/_prefabs/Ability Prefabs/TempProjectile.prefab using Guid(4d38356404b172542bbbb06b5950ec16) Importer(815301076,1909f56bfc062723c751e8b465ee728b)  -> (artifact id: 'a88d0689e586f51054faf87f702450c7') in 0.056983 seconds
  Import took 0.061836 seconds .

========================================================================
Received Import Request.
  Time since last request: 1.386913 seconds.
  path: Assets/_prefabs/Ability Prefabs/TempProjectile.prefab
  artifactKey: Guid(4d38356404b172542bbbb06b5950ec16) Importer(815301076,1909f56bfc062723c751e8b465ee728b)
Start importing Assets/_prefabs/Ability Prefabs/TempProjectile.prefab using Guid(4d38356404b172542bbbb06b5950ec16) Importer(815301076,1909f56bfc062723c751e8b465ee728b)  -> (artifact id: 'a88d0689e586f51054faf87f702450c7') in 0.008738 seconds
  Import took 0.013413 seconds .

========================================================================
Received Prepare
Registering precompiled user dll's ...
Registered in 0.000922 seconds.
Begin MonoManager ReloadAssembly
Native extension for LinuxStandalone target not found
Native extension for WindowsStandalone target not found
Native extension for OSXStandalone target not found
Refreshing native plugins compatible for Editor in 0.29 ms, found 0 plugins.
Preloading 0 native plugins for Editor in 0.00 ms.
Invoked RoslynAnalysisRunner static constructor.
RoslynAnalysisRunner will not be running.
RoslynAnalysisRunner has terminated.
Mono: successfully reloaded assembly
- Completed reload, in  0.779 seconds
Platform modules already initialized, skipping
Switching build target platform(5) subTarget(0) extendedPlatform(0) -> platform(13) subTarget(537395200) extendedPlatform(0)
Refreshing native plugins compatible for Editor in 0.24 ms, found 0 plugins.
Preloading 0 native plugins for Editor in 0.00 ms.
Unloading 1181 Unused Serialized files (Serialized files now loaded: 0)
System memory in use before: 74.6 MB.
System memory in use after: 74.6 MB.

Unloading 5 unused Assets to reduce memory usage. Loaded Objects now: 1684.
Total: 1.803400 ms (FindLiveObjects: 0.172300 ms CreateObjectMapping: 0.029600 ms MarkObjects: 1.543400 ms  DeleteObjects: 0.056700 ms)

AssetImportParameters requested are different than current active one (requested -> active):
  custom:graphics/normal-map-encoding: 01000000000000000000000000000000 -> 02000000000000000000000000000000
========================================================================
Received Import Request.
  Time since last request: 13.274286 seconds.
  path: Assets/_prefabs/Ability Prefabs/TempProjectile.prefab
  artifactKey: Guid(4d38356404b172542bbbb06b5950ec16) Importer(815301076,1909f56bfc062723c751e8b465ee728b)
Start importing Assets/_prefabs/Ability Prefabs/TempProjectile.prefab using Guid(4d38356404b172542bbbb06b5950ec16) Importer(815301076,1909f56bfc062723c751e8b465ee728b)  -> (artifact id: 'a7e6453a0e554d437c00f225d36a3653') in 0.061097 seconds
  Import took 0.072593 seconds .

========================================================================
Received Import Request.
  Time since last request: 42.045132 seconds.
  path: Assets/_prefabs/Ability Prefabs/TempProjectile.prefab
  artifactKey: Guid(4d38356404b172542bbbb06b5950ec16) Importer(815301076,1909f56bfc062723c751e8b465ee728b)
Start importing Assets/_prefabs/Ability Prefabs/TempProjectile.prefab using Guid(4d38356404b172542bbbb06b5950ec16) Importer(815301076,1909f56bfc062723c751e8b465ee728b)  -> (artifact id: '4d70257a8177b409209022a23dee2287') in 0.009106 seconds
  Import took 0.014835 seconds .

========================================================================
Received Prepare
Registering precompiled user dll's ...
Registered in 0.000923 seconds.
Begin MonoManager ReloadAssembly
Native extension for LinuxStandalone target not found
Native extension for WindowsStandalone target not found
Native extension for OSXStandalone target not found
Refreshing native plugins compatible for Editor in 0.24 ms, found 0 plugins.
Preloading 0 native plugins for Editor in 0.00 ms.
Invoked RoslynAnalysisRunner static constructor.
RoslynAnalysisRunner will not be running.
RoslynAnalysisRunner has terminated.
Mono: successfully reloaded assembly
- Completed reload, in  0.806 seconds
Platform modules already initialized, skipping
Switching build target platform(5) subTarget(0) extendedPlatform(0) -> platform(13) subTarget(537395200) extendedPlatform(0)
Refreshing native plugins compatible for Editor in 0.28 ms, found 0 plugins.
Preloading 0 native plugins for Editor in 0.00 ms.
Unloading 1181 Unused Serialized files (Serialized files now loaded: 0)
System memory in use before: 74.6 MB.
System memory in use after: 74.7 MB.

Unloading 5 unused Assets to reduce memory usage. Loaded Objects now: 1688.
Total: 1.802300 ms (FindLiveObjects: 0.179100 ms CreateObjectMapping: 0.030100 ms MarkObjects: 1.528100 ms  DeleteObjects: 0.063600 ms)

AssetImportParameters requested are different than current active one (requested -> active):
  custom:graphics/normal-map-encoding: 01000000000000000000000000000000 -> 02000000000000000000000000000000
========================================================================
Received Import Request.
  Time since last request: 550.186429 seconds.
  path: Assets/_prefabs/Ability Prefabs/TempProjectile.prefab
  artifactKey: Guid(4d38356404b172542bbbb06b5950ec16) Importer(815301076,1909f56bfc062723c751e8b465ee728b)
Start importing Assets/_prefabs/Ability Prefabs/TempProjectile.prefab using Guid(4d38356404b172542bbbb06b5950ec16) Importer(815301076,1909f56bfc062723c751e8b465ee728b)  -> (artifact id: 'f1b4df563354c26c7d595fb3459c3980') in 0.062195 seconds
  Import took 0.067098 seconds .

========================================================================
Received Prepare
Registering precompiled user dll's ...
Registered in 0.000780 seconds.
Begin MonoManager ReloadAssembly
Native extension for LinuxStandalone target not found
Native extension for WindowsStandalone target not found
Native extension for OSXStandalone target not found
Refreshing native plugins compatible for Editor in 0.24 ms, found 0 plugins.
Preloading 0 native plugins for Editor in 0.00 ms.
Invoked RoslynAnalysisRunner static constructor.
RoslynAnalysisRunner will not be running.
RoslynAnalysisRunner has terminated.
Mono: successfully reloaded assembly
- Completed reload, in  0.771 seconds
Platform modules already initialized, skipping
Switching build target platform(5) subTarget(0) extendedPlatform(0) -> platform(13) subTarget(537395200) extendedPlatform(0)
Refreshing native plugins compatible for Editor in 0.24 ms, found 0 plugins.
Preloading 0 native plugins for Editor in 0.00 ms.
Unloading 1181 Unused Serialized files (Serialized files now loaded: 0)
System memory in use before: 74.6 MB.
System memory in use after: 74.7 MB.

Unloading 5 unused Assets to reduce memory usage. Loaded Objects now: 1692.
Total: 1.689200 ms (FindLiveObjects: 0.159900 ms CreateObjectMapping: 0.030300 ms MarkObjects: 1.441500 ms  DeleteObjects: 0.056200 ms)

AssetImportParameters requested are different than current active one (requested -> active):
  custom:graphics/normal-map-encoding: 01000000000000000000000000000000 -> 02000000000000000000000000000000
AssetImportWorkerClient::OnTransportError - code=2 error=End of file
