Using pre-set license
Built from '2020.3/staging' branch; Version is '2020.3.17f1 (a4537701e4ab) revision 10769271'; Using compiler version '192528614'; Build Type 'Release'
OS: 'Windows 10 Pro; OS build 19043.1165; Version 2009; 64bit' Language: 'en' Physical Memory: 16328 MB
BatchMode: 1, IsHumanControllingUs: 0, StartBugReporterOnCrash: 0, Is64bit: 1, IsPro: 0

COMMAND LINE ARGUMENTS:
C:\Program Files\Unity\Hub\Editor\2020.3.17f1\Editor\Unity.exe
-adb2
-batchMode
-noUpm
-name
AssetImportWorker0
-projectPath
C:/Users/Jonathan/Documents/GitHub/Project-Luna/Project Everdawn
-logFile
Logs/AssetImportWorker0.log
-srvPort
56054
Successfully changed project path to: C:/Users/Jonathan/Documents/GitHub/Project-Luna/Project Everdawn
C:/Users/Jonathan/Documents/GitHub/Project-Luna/Project Everdawn
Using Asset Import Pipeline V2.
Refreshing native plugins compatible for Editor in 37.82 ms, found 2 plugins.
Preloading 0 native plugins for Editor in 0.00 ms.
Initialize engine version: 2020.3.17f1 (a4537701e4ab)
[Subsystems] Discovering subsystems at path C:/Program Files/Unity/Hub/Editor/2020.3.17f1/Editor/Data/Resources/UnitySubsystems
[Subsystems] Discovering subsystems at path C:/Users/Jonathan/Documents/GitHub/Project-Luna/Project Everdawn/Assets
GfxDevice: creating device client; threaded=0
Direct3D:
    Version:  Direct3D 11.0 [level 11.1]
    Renderer: NVIDIA GeForce GTX 1080 Ti (ID=0x1b06)
    Vendor:   
    VRAM:     11127 MB
    Driver:   27.21.14.5671
Initialize mono
Mono path[0] = 'C:/Program Files/Unity/Hub/Editor/2020.3.17f1/Editor/Data/Managed'
Mono path[1] = 'C:/Program Files/Unity/Hub/Editor/2020.3.17f1/Editor/Data/MonoBleedingEdge/lib/mono/unityjit'
Mono config path = 'C:/Program Files/Unity/Hub/Editor/2020.3.17f1/Editor/Data/MonoBleedingEdge/etc'
Using monoOptions --debugger-agent=transport=dt_socket,embedding=1,server=y,suspend=n,address=127.0.0.1:56080
Begin MonoManager ReloadAssembly
Registering precompiled unity dll's ...
Register platform support module: C:/Program Files/Unity/Hub/Editor/2020.3.17f1/Editor/Data/PlaybackEngines/MacStandaloneSupport/UnityEditor.OSXStandalone.Extensions.dll
Register platform support module: C:/Program Files/Unity/Hub/Editor/2020.3.17f1/Editor/Data/PlaybackEngines/WindowsStandaloneSupport/UnityEditor.WindowsStandalone.Extensions.dll
Register platform support module: C:/Program Files/Unity/Hub/Editor/2020.3.17f1/Editor/Data/PlaybackEngines/LinuxStandaloneSupport/UnityEditor.LinuxStandalone.Extensions.dll
Registered in 0.003726 seconds.
Native extension for LinuxStandalone target not found
Native extension for WindowsStandalone target not found
Native extension for OSXStandalone target not found
Refreshing native plugins compatible for Editor in 33.48 ms, found 2 plugins.
Preloading 0 native plugins for Editor in 0.00 ms.
Mono: successfully reloaded assembly
- Completed reload, in  2.821 seconds
Domain Reload Profiling:
	ReloadAssembly (2821ms)
		BeginReloadAssembly (60ms)
			ExecutionOrderSort (0ms)
			DisableScriptedObjects (0ms)
			BackupInstance (0ms)
			ReleaseScriptingObjects (0ms)
			CreateAndSetChildDomain (1ms)
		EndReloadAssembly (438ms)
			LoadAssemblies (58ms)
			RebuildTransferFunctionScriptingTraits (0ms)
			SetupTypeCache (159ms)
			ReleaseScriptCaches (0ms)
			RebuildScriptCaches (29ms)
			SetupLoadedEditorAssemblies (167ms)
				LogAssemblyErrors (0ms)
				InitializePlatformSupportModulesInManaged (7ms)
				SetLoadedEditorAssemblies (0ms)
				RefreshPlugins (34ms)
				BeforeProcessingInitializeOnLoad (18ms)
				ProcessInitializeOnLoadAttributes (80ms)
				ProcessInitializeOnLoadMethodAttributes (29ms)
				AfterProcessingInitializeOnLoad (0ms)
				EditorAssembliesLoaded (0ms)
			ExecutionOrderSort2 (0ms)
			AwakeInstancesAfterBackupRestoration (0ms)
Platform modules already initialized, skipping
Registering precompiled user dll's ...
Registered in 0.005093 seconds.
Begin MonoManager ReloadAssembly
Native extension for LinuxStandalone target not found
Native extension for WindowsStandalone target not found
Native extension for OSXStandalone target not found
Refreshing native plugins compatible for Editor in 0.42 ms, found 2 plugins.
Preloading 0 native plugins for Editor in 0.00 ms.
Mono: successfully reloaded assembly
- Completed reload, in  1.158 seconds
Domain Reload Profiling:
	ReloadAssembly (1159ms)
		BeginReloadAssembly (148ms)
			ExecutionOrderSort (0ms)
			DisableScriptedObjects (5ms)
			BackupInstance (0ms)
			ReleaseScriptingObjects (0ms)
			CreateAndSetChildDomain (18ms)
		EndReloadAssembly (944ms)
			LoadAssemblies (90ms)
			RebuildTransferFunctionScriptingTraits (0ms)
			SetupTypeCache (280ms)
			ReleaseScriptCaches (0ms)
			RebuildScriptCaches (42ms)
			SetupLoadedEditorAssemblies (431ms)
				LogAssemblyErrors (0ms)
				InitializePlatformSupportModulesInManaged (8ms)
				SetLoadedEditorAssemblies (0ms)
				RefreshPlugins (0ms)
				BeforeProcessingInitializeOnLoad (85ms)
				ProcessInitializeOnLoadAttributes (324ms)
				ProcessInitializeOnLoadMethodAttributes (4ms)
				AfterProcessingInitializeOnLoad (9ms)
				EditorAssembliesLoaded (0ms)
			ExecutionOrderSort2 (0ms)
			AwakeInstancesAfterBackupRestoration (7ms)
Platform modules already initialized, skipping
========================================================================
Worker process is ready to serve import requests
Launched and connected shader compiler UnityShaderCompiler.exe after 0.06 seconds
Refreshing native plugins compatible for Editor in 0.41 ms, found 2 plugins.
Preloading 0 native plugins for Editor in 0.00 ms.
Unloading 1525 Unused Serialized files (Serialized files now loaded: 0)
System memory in use before: 87.2 MB.
System memory in use after: 87.3 MB.

Unloading 17 unused Assets to reduce memory usage. Loaded Objects now: 1990.
Total: 3.254000 ms (FindLiveObjects: 0.199800 ms CreateObjectMapping: 0.040500 ms MarkObjects: 2.979500 ms  DeleteObjects: 0.032700 ms)

AssetImportParameters requested are different than current active one (requested -> active):
  custom:framework-win-MediaFoundation: 216162199b28c13a410421893ffa2e32 -> 
  custom:video-decoder-ogg-theora: a1e56fd34408186e4bbccfd4996cb3dc -> 
  custom:container-muxer-webm: aa71ff27fc2769a1b78a27578f13a17b -> 
  custom:container-demuxer-webm: 4f35f7cbe854078d1ac9338744f61a02 -> 
  custom:container-demuxer-ogg: 62fdf1f143b41e24485cea50d1cbac27 -> 
  custom:video-encoder-webm-vp8: eb34c28f22e8b96e1ab97ce403110664 -> 
  custom:video-decoder-webm-vp8: 9c59270c3fd7afecdb556c50c9e8de78 -> 
  custom:audio-decoder-ogg-vorbis: bf7c407c2cedff20999df2af8eb42d56 -> 
  custom:audio-encoder-webm-vorbis: bf7c407c2cedff20999df2af8eb42d56 -> 
========================================================================
Received Import Request.
  path: Assets/MenuAssets/noodle_horse.png
  artifactKey: Guid(bdde6600e3919dd42a60af58a674d72b) Importer(815301076,1909f56bfc062723c751e8b465ee728b)
Start importing Assets/MenuAssets/noodle_horse.png using Guid(bdde6600e3919dd42a60af58a674d72b) Importer(815301076,1909f56bfc062723c751e8b465ee728b)  -> (artifact id: '6e3085720c11931659ca9f7fd91a1203') in 0.092253 seconds 
  Import took 0.096107 seconds .

========================================================================
Received Import Request.
  Time since last request: 10.094472 seconds.
  path: Assets/MenuAssets/noodle_horse.png
  artifactKey: Guid(bdde6600e3919dd42a60af58a674d72b) Importer(815301076,1909f56bfc062723c751e8b465ee728b)
Start importing Assets/MenuAssets/noodle_horse.png using Guid(bdde6600e3919dd42a60af58a674d72b) Importer(815301076,1909f56bfc062723c751e8b465ee728b)  -> (artifact id: '721cca34272ed2bc67551d757adb4a1b') in 0.056644 seconds 
  Import took 0.059844 seconds .

========================================================================
Received Import Request.
  Time since last request: 33.230162 seconds.
  path: Assets/MenuAssets/human_snek.png
  artifactKey: Guid(98aff2b77b15853469d0081fa839055d) Importer(815301076,1909f56bfc062723c751e8b465ee728b)
Start importing Assets/MenuAssets/human_snek.png using Guid(98aff2b77b15853469d0081fa839055d) Importer(815301076,1909f56bfc062723c751e8b465ee728b)  -> (artifact id: 'e171a674c34d3657ff746f3b8dd9aebd') in 0.022920 seconds 
  Import took 0.026617 seconds .

========================================================================
Received Import Request.
  Time since last request: 5.480870 seconds.
  path: Assets/MenuAssets/human_snek.png
  artifactKey: Guid(98aff2b77b15853469d0081fa839055d) Importer(815301076,1909f56bfc062723c751e8b465ee728b)
Start importing Assets/MenuAssets/human_snek.png using Guid(98aff2b77b15853469d0081fa839055d) Importer(815301076,1909f56bfc062723c751e8b465ee728b)  -> (artifact id: 'fa7980a6924f82c66a9f663194144ff9') in 0.016141 seconds 
  Import took 0.020280 seconds .

========================================================================
Received Import Request.
  Time since last request: 0.000871 seconds.
  path: Assets/MenuAssets/human_snek.png
  artifactKey: Guid(98aff2b77b15853469d0081fa839055d) Importer(815301076,1909f56bfc062723c751e8b465ee728b)
Start importing Assets/MenuAssets/human_snek.png using Guid(98aff2b77b15853469d0081fa839055d) Importer(815301076,1909f56bfc062723c751e8b465ee728b)  -> (artifact id: 'fa7980a6924f82c66a9f663194144ff9') in 0.015053 seconds 
  Import took 0.017865 seconds .

AssetImportWorkerClient::OnTransportError - code=2 error=End of file
